<?xml version="1.0" encoding="UTF-8"?>
<!-- Generated by org.testng.reporters.JUnitXMLReporter -->
<testsuite ignored="2" hostname="Dell" failures="0" tests="9" name="Surefire test" time="10.125" errors="0" timestamp="2023-01-15T18:25:02 MSK">
  <testcase classname="TestClass" name="deliveryInformationPageTest" time="0.475"/>
  <testcase classname="TestClass" name="greenDuckLabelTest" time="0.371"/>
  <testcase classname="TestClass" name="homePageTest" time="0.225"/>
  <testcase classname="TestClass" name="openLiteCartSiteTest" time="1.51"/>
  <testcase classname="TestClass" name="rubberDucksPageTest" time="0.353"/>
  <testcase classname="TestClass" name="sortByNameTest" time="1.536"/>
  <testcase classname="TestClass" name="sortByPriceTest" time="0.731"/>
  <testcase classname="TestClass" name="termsAndConditionsTest" time="0.41"/>
  <testcase classname="TestClass" name="yellowDuckLabelTest" time="0.57"/>
  <testcase classname="TestBase" name="@BeforeTest setup" time="0.0">
    <ignored/>
  </testcase> <!-- @BeforeTest setup -->
  <testcase classname="TestBase" name="@AfterTest teardown" time="0.0">
    <ignored/>
  </testcase> <!-- @AfterTest teardown -->
</testsuite> <!-- Surefire test -->
