<?xml version="1.0" encoding="UTF-8"?>
<testng-results ignored="2" total="11" passed="9" failed="0" skipped="0">
  <reporter-output>
  </reporter-output>
  <suite started-at="2023-01-15T18:24:52 MSK" name="Surefire suite" finished-at="2023-01-15T18:25:02 MSK" duration-ms="10125">
    <groups>
    </groups>
    <test started-at="2023-01-15T18:24:52 MSK" name="Surefire test" finished-at="2023-01-15T18:25:02 MSK" duration-ms="10125">
      <class name="TestBase">
        <test-method is-config="true" signature="setup()[pri:0, instance:TestBase@680362a]" started-at="2023-01-15T18:24:52 MSK" name="setup" finished-at="2023-01-15T18:24:55 MSK" duration-ms="3519" status="PASS">
          <reporter-output>
          </reporter-output>
        </test-method> <!-- setup -->
        <test-method is-config="true" signature="teardown()[pri:0, instance:TestBase@680362a]" started-at="2023-01-15T18:25:01 MSK" name="teardown" finished-at="2023-01-15T18:25:02 MSK" duration-ms="265" status="PASS">
          <reporter-output>
          </reporter-output>
        </test-method> <!-- teardown -->
      </class> <!-- TestBase -->
      <class name="TestClass">
        <test-method signature="deliveryInformationPageTest()[pri:0, instance:TestClass@304b9f1a]" started-at="2023-01-15T18:24:55 MSK" name="deliveryInformationPageTest" finished-at="2023-01-15T18:24:56 MSK" duration-ms="475" status="PASS">
          <reporter-output>
          </reporter-output>
        </test-method> <!-- deliveryInformationPageTest -->
        <test-method signature="greenDuckLabelTest()[pri:0, instance:TestClass@304b9f1a]" started-at="2023-01-15T18:24:56 MSK" name="greenDuckLabelTest" finished-at="2023-01-15T18:24:56 MSK" duration-ms="371" status="PASS">
          <reporter-output>
          </reporter-output>
        </test-method> <!-- greenDuckLabelTest -->
        <test-method signature="homePageTest()[pri:0, instance:TestClass@304b9f1a]" started-at="2023-01-15T18:24:56 MSK" name="homePageTest" finished-at="2023-01-15T18:24:56 MSK" duration-ms="225" status="PASS">
          <reporter-output>
          </reporter-output>
        </test-method> <!-- homePageTest -->
        <test-method signature="openLiteCartSiteTest()[pri:0, instance:TestClass@304b9f1a]" started-at="2023-01-15T18:24:56 MSK" name="openLiteCartSiteTest" finished-at="2023-01-15T18:24:58 MSK" duration-ms="1510" status="PASS">
          <reporter-output>
          </reporter-output>
        </test-method> <!-- openLiteCartSiteTest -->
        <test-method signature="rubberDucksPageTest()[pri:0, instance:TestClass@304b9f1a]" started-at="2023-01-15T18:24:58 MSK" name="rubberDucksPageTest" finished-at="2023-01-15T18:24:58 MSK" duration-ms="353" status="PASS">
          <reporter-output>
          </reporter-output>
        </test-method> <!-- rubberDucksPageTest -->
        <test-method signature="sortByNameTest()[pri:0, instance:TestClass@304b9f1a]" started-at="2023-01-15T18:24:58 MSK" name="sortByNameTest" finished-at="2023-01-15T18:25:00 MSK" duration-ms="1536" status="PASS">
          <reporter-output>
          </reporter-output>
        </test-method> <!-- sortByNameTest -->
        <test-method signature="sortByPriceTest()[pri:0, instance:TestClass@304b9f1a]" started-at="2023-01-15T18:25:00 MSK" name="sortByPriceTest" finished-at="2023-01-15T18:25:00 MSK" duration-ms="731" status="PASS">
          <reporter-output>
          </reporter-output>
        </test-method> <!-- sortByPriceTest -->
        <test-method signature="termsAndConditionsTest()[pri:0, instance:TestClass@304b9f1a]" started-at="2023-01-15T18:25:00 MSK" name="termsAndConditionsTest" finished-at="2023-01-15T18:25:01 MSK" duration-ms="410" status="PASS">
          <reporter-output>
          </reporter-output>
        </test-method> <!-- termsAndConditionsTest -->
        <test-method signature="yellowDuckLabelTest()[pri:0, instance:TestClass@304b9f1a]" started-at="2023-01-15T18:25:01 MSK" name="yellowDuckLabelTest" finished-at="2023-01-15T18:25:01 MSK" duration-ms="570" status="PASS">
          <reporter-output>
          </reporter-output>
        </test-method> <!-- yellowDuckLabelTest -->
      </class> <!-- TestClass -->
    </test> <!-- Surefire test -->
  </suite> <!-- Surefire suite -->
</testng-results>
